Build started 27. 9. 2015 20:56:34.
     1>Project "D:\Konference\HackerFest 2015\ndisprot6\ndisprot6.vcxproj" on node 3 (Rebuild target(s)).
     1>ClCompile:
         C:\Program Files (x86)\Microsoft Visual Studio 12.0\VC\bin\x86_amd64\CL.exe /c /I.. /I. /I..\include /I"D:\Konference\HackerFest 2015\tmp\ndisprot6\x64\Debug\\" /Zi /nologo /W4 /WX /Od /Oi /Oy- /D NDIS_WDM=1 /D NDIS60=1 /D _WIN64 /D _AMD64_ /D AMD64 /D DEPRECATE_DDK_FUNCTIONS=1 /D MSC_NOOPT /D _WIN32_WINNT=0x0601 /D WINVER=0x0601 /D WINNT=1 /D NTDDI_VERSION=0x06010000 /D DBG=1 /D NDIS_WDM=1 /D NDIS620=1 /GF /Gm- /Zp8 /GS /Gy /fp:precise /Zc:wchar_t- /Zc:forScope- /GR- /Fo"D:\Konference\HackerFest 2015\tmp\ndisprot6\x64\Debug\\" /Fd"D:\Konference\HackerFest 2015\tmp\ndisprot6\x64\Debug\vc120.pdb" /Gz /wd4748 /wd4603 /wd4627 /wd4986 /wd4987 /wd4996 /wd4201 /wd4214 /FI"C:\Program Files (x86)\Windows Kits\8.1\Include\Shared\warning.h" /errorReport:prompt /kernel -cbstring -d2epilogunwind /d1import_no_registry /d2AllowCompatibleILVersions /d2Zi+ debug.c excallbk.c ndisbind.c ntdisp.c recv.c send.c
         debug.c
         excallbk.c
         ndisbind.c
         ntdisp.c
         recv.c
         send.c
         Generating Code...
       ResourceCompile:
         C:\Program Files (x86)\Windows Kits\8.1\bin\x86\rc.exe /D _WIN64 /D _AMD64_=1 /D AMD64 /D DEPRECATE_DDK_FUNCTIONS=1 /D MSC_NOOPT /D _WIN32_WINNT=0x0601 /D WINVER=0x0601 /D WINNT=1 /D NTDDI_VERSION=0x06010000 /D DBG=1 /D "SMP_ID=\\\"{8b1800b9-d017-4029-9785-13ef5e5b328e}\\\"" /l"0x0409" /I"C:\Program Files (x86)\Windows Kits\8.1\Include\UM" /I"D:\Konference\HackerFest 2015\tmp\ndisprot6\x64\Debug\\" /I.. /I. /nologo /fo"D:\Konference\HackerFest 2015\tmp\ndisprot6\x64\Debug\ndisprot.res" ndisprot.rc 
       Link:
         C:\Program Files (x86)\Microsoft Visual Studio 12.0\VC\bin\x86_amd64\link.exe /ERRORREPORT:PROMPT /OUT:"D:\Konference\HackerFest 2015\bin\x64\Debug\ndisprot6.sys" /VERSION:"6.3" /INCREMENTAL:NO /NOLOGO /LIBPATH:"D:\Konference\HackerFest 2015\lib\x64\Debug" /LIBPATH:"D:\Konference\HackerFest 2015\lib\x64" /LIBPATH:..\lib\x64\Debug /LIBPATH:..\lib\x64 /WX /SECTION:"INIT,d" ndis.lib wdmsec.lib "C:\Program Files (x86)\Windows Kits\8.1\lib\win7\KM\x64\BufferOverflowK.lib" "C:\Program Files (x86)\Windows Kits\8.1\lib\win7\KM\x64\ntoskrnl.lib" "C:\Program Files (x86)\Windows Kits\8.1\lib\win7\KM\x64\hal.lib" "C:\Program Files (x86)\Windows Kits\8.1\lib\win7\KM\x64\wmilib.lib" "C:\Program Files (x86)\Windows Kits\8.1\lib\win7\KM\x64\ndis.lib" /NODEFAULTLIB /MANIFEST:NO /DEBUG /PDB:"D:\Konference\HackerFest 2015\bin\x64\Debug\ndisprot6.pdb" /SUBSYSTEM:NATIVE,"6.01" /Driver /OPT:REF /OPT:ICF /ENTRY:"GsDriverEntry" /RELEASE /IMPLIB:"D:\Konference\HackerFest 2015\bin\x64\Debug\ndisprot6.lib" /MERGE:"_TEXT=.text;_PAGE=PAGE" /MACHINE:X64 /PROFILE /INTEGRITYCHECK /kernel /IGNORE:4198,4010,4037,4039,4065,4070,4078,4087,4089,4221,4108,4088,4218,4218,4235 /osversion:6.3 /pdbcompress /debugtype:pdata "D:\Konference\HackerFest 2015\tmp\ndisprot6\x64\Debug\ndisprot.res"
         "D:\Konference\HackerFest 2015\tmp\ndisprot6\x64\Debug\debug.obj"
         "D:\Konference\HackerFest 2015\tmp\ndisprot6\x64\Debug\excallbk.obj"
         "D:\Konference\HackerFest 2015\tmp\ndisprot6\x64\Debug\ndisbind.obj"
         "D:\Konference\HackerFest 2015\tmp\ndisprot6\x64\Debug\ntdisp.obj"
         "D:\Konference\HackerFest 2015\tmp\ndisprot6\x64\Debug\recv.obj"
         "D:\Konference\HackerFest 2015\tmp\ndisprot6\x64\Debug\send.obj"
         ndisprot6.vcxproj -> D:\Konference\HackerFest 2015\bin\x64\Debug\ndisprot6.sys
       DriverTestSign:
         C:\Program Files (x86)\Windows Kits\8.1\bin\x86\signtool.exe sign /ph /sha1 "A4055C364C1F9F62A5F3E39A1FA4F04335568FA1" 
         Done Adding Additional Store
         Successfully signed: D:\Konference\HackerFest 2015\bin\x64\Debug\ndisprot6.sys
         
     1>Done Building Project "D:\Konference\HackerFest 2015\ndisprot6\ndisprot6.vcxproj" (Rebuild target(s)).

Build succeeded.

Time Elapsed 00:00:03.44
