Build started 30. 9. 2015 19:43:27.
     1>Project "D:\Konference\HackerFest 2015\ndisprot6\ndisprot6.vcxproj" on node 3 (Rebuild target(s)).
     1>ClCompile:
         C:\Program Files (x86)\Microsoft Visual Studio 12.0\VC\bin\CL.exe /c /I.. /I. /I..\include /I"D:\Konference\HackerFest 2015\tmp\ndisprot6\Win32\Release\\" /Zi /nologo /W4 /WX /Ox /Os /Oy- /D NDIS_WDM=1 /D NDIS60=1 /D _X86_=1 /D i386=1 /D STD_CALL /D _WIN32_WINNT=0x0601 /D WINVER=0x0601 /D WINNT=1 /D NTDDI_VERSION=0x06010000 /GF /Gm- /Zp8 /GS /Gy /fp:precise /Zc:wchar_t- /Zc:forScope- /GR- /Fo"D:\Konference\HackerFest 2015\tmp\ndisprot6\Win32\Release\\" /Fd"D:\Konference\HackerFest 2015\tmp\ndisprot6\Win32\Release\vc120.pdb" /Gz /wd4100 /wd4603 /wd4627 /wd4986 /wd4987 /wd4996 /wd4603 /wd4627 /wd4986 /wd4987 /wd4996 /wd4201 /wd4214 /FI"C:\Program Files (x86)\Windows Kits\8.1\Include\Shared\warning.h" /analyze- /errorReport:prompt /kernel -cbstring  /d1nodatetime /d1import_no_registry /d2AllowCompatibleILVersions /d2Zi+ debug.c excallbk.c ndisbind.c ntdisp.c recv.c send.c
         debug.c
         excallbk.c
         ndisbind.c
         ntdisp.c
         recv.c
         send.c
         Generating Code...
       ResourceCompile:
         C:\Program Files (x86)\Windows Kits\8.1\bin\x86\rc.exe /D _X86_=1 /D i386=1 /D STD_CALL /D _WIN32_WINNT=0x0601 /D WINVER=0x0601 /D WINNT=1 /D NTDDI_VERSION=0x06010000 /D "SMP_ID=\\\"{8b1800b9-d017-4029-9785-13ef5e5b328e}\\\"" /l"0x0409" /I"C:\Program Files (x86)\Windows Kits\8.1\Include\UM" /I"D:\Konference\HackerFest 2015\tmp\ndisprot6\Win32\Release\\" /I.. /I. /nologo /fo"D:\Konference\HackerFest 2015\tmp\ndisprot6\Win32\Release\ndisprot.res" ndisprot.rc 
       Link:
         C:\Program Files (x86)\Microsoft Visual Studio 12.0\VC\bin\link.exe /ERRORREPORT:PROMPT /OUT:"D:\Konference\HackerFest 2015\bin\Win32\Release\ndisprot6.sys" /VERSION:"6.3" /INCREMENTAL:NO /NOLOGO /LIBPATH:"D:\Konference\HackerFest 2015\lib\Win32\Release" /LIBPATH:"D:\Konference\HackerFest 2015\lib\Win32" /LIBPATH:..\lib\Win32\Release /LIBPATH:..\lib\Win32 /WX /SECTION:"INIT,d" ndis.lib wdmsec.lib "C:\Program Files (x86)\Windows Kits\8.1\lib\win7\KM\x86\memcmp.lib" "C:\Program Files (x86)\Windows Kits\8.1\lib\win7\KM\x86\BufferOverflowK.lib" "C:\Program Files (x86)\Windows Kits\8.1\lib\win7\KM\x86\ntoskrnl.lib" "C:\Program Files (x86)\Windows Kits\8.1\lib\win7\KM\x86\hal.lib" "C:\Program Files (x86)\Windows Kits\8.1\lib\win7\KM\x86\wmilib.lib" /NODEFAULTLIB /MANIFEST:NO /DEBUG /PDB:"D:\Konference\HackerFest 2015\bin\Win32\Release\ndisprot6.pdb" /SUBSYSTEM:NATIVE,"6.01" /Driver /OPT:REF /OPT:ICF /ENTRY:"GsDriverEntry@8" /RELEASE /IMPLIB:"D:\Konference\HackerFest 2015\bin\Win32\Release\ndisprot6.lib" /MERGE:"_TEXT=.text;_PAGE=PAGE" /MACHINE:X86 /PROFILE /SAFESEH /INTEGRITYCHECK /kernel /IGNORE:4198,4010,4037,4039,4065,4070,4078,4087,4089,4221 /osversion:6.3 /pdbcompress /debugtype:pdata "D:\Konference\HackerFest 2015\tmp\ndisprot6\Win32\Release\ndisprot.res"
         "D:\Konference\HackerFest 2015\tmp\ndisprot6\Win32\Release\debug.obj"
         "D:\Konference\HackerFest 2015\tmp\ndisprot6\Win32\Release\excallbk.obj"
         "D:\Konference\HackerFest 2015\tmp\ndisprot6\Win32\Release\ndisbind.obj"
         "D:\Konference\HackerFest 2015\tmp\ndisprot6\Win32\Release\ntdisp.obj"
         "D:\Konference\HackerFest 2015\tmp\ndisprot6\Win32\Release\recv.obj"
         "D:\Konference\HackerFest 2015\tmp\ndisprot6\Win32\Release\send.obj"
         ndisprot6.vcxproj -> D:\Konference\HackerFest 2015\bin\Win32\Release\ndisprot6.sys
     1>Done Building Project "D:\Konference\HackerFest 2015\ndisprot6\ndisprot6.vcxproj" (Rebuild target(s)).

Build succeeded.

Time Elapsed 00:00:01.21
