Build started 29. 9. 2015 21:56:21.
     1>Project "D:\Konference\HackerFest 2015\reghider\reghider.vcxproj" on node 2 (Build target(s)).
     1>ClCompile:
         C:\Program Files (x86)\Microsoft Visual Studio 12.0\VC\bin\CL.exe /c /I..\include /I..\include /I"D:\Konference\HackerFest 2015\tmp\reghider\Win32\Debug\\" /Zi /nologo /W4 /WX /Od /Oi /Oy- /D _X86_=1 /D i386=1 /D STD_CALL /D DEPRECATE_DDK_FUNCTIONS=1 /D MSC_NOOPT /D _WIN32_WINNT=0x0601 /D WINVER=0x0601 /D WINNT=1 /D NTDDI_VERSION=0x06010000 /D DBG=1 /GF /Gm- /Zp8 /GS /Gy /fp:precise /Zc:wchar_t- /Zc:forScope- /GR- /Fo"D:\Konference\HackerFest 2015\tmp\reghider\Win32\Debug\\" /Fd"D:\Konference\HackerFest 2015\tmp\reghider\Win32\Debug\vc120.pdb" /Gz /wd4748 /wd4603 /wd4627 /wd4986 /wd4987 /wd4996 /FI"C:\Program Files (x86)\Windows Kits\8.1\Include\Shared\warning.h" /analyze- /errorReport:prompt /kernel -cbstring /d1import_no_registry /d2AllowCompatibleILVersions /d2Zi+ "key-record.c" reghider.c "registry-callback.c" "um-services.c"
         key-record.c
         reghider.c
         registry-callback.c
         um-services.c
         Generating Code...
       Link:
         C:\Program Files (x86)\Microsoft Visual Studio 12.0\VC\bin\link.exe /ERRORREPORT:PROMPT /OUT:"D:\Konference\HackerFest 2015\bin\Win32\Debug\reghider.sys" /VERSION:"6.3" /INCREMENTAL:NO /NOLOGO /LIBPATH:"D:\Konference\HackerFest 2015\lib\Win32\Debug" /LIBPATH:"D:\Konference\HackerFest 2015\lib\Win32" /LIBPATH:..\lib\Win32\Debug /LIBPATH:..\lib\Win32 /WX /SECTION:"INIT,d" "C:\Program Files (x86)\Windows Kits\8.1\lib\win7\KM\x86\fltmgr.lib" "C:\Program Files (x86)\Windows Kits\8.1\lib\win7\KM\x86\memcmp.lib" "C:\Program Files (x86)\Windows Kits\8.1\lib\win7\KM\x86\BufferOverflowK.lib" "C:\Program Files (x86)\Windows Kits\8.1\lib\win7\KM\x86\ntoskrnl.lib" "C:\Program Files (x86)\Windows Kits\8.1\lib\win7\KM\x86\hal.lib" "C:\Program Files (x86)\Windows Kits\8.1\lib\win7\KM\x86\wmilib.lib" /NODEFAULTLIB /MANIFEST:NO /DEBUG /PDB:"D:\Konference\HackerFest 2015\bin\Win32\Debug\reghider.pdb" /SUBSYSTEM:NATIVE,"6.01" /Driver /OPT:REF /OPT:ICF /ENTRY:"GsDriverEntry@8" /RELEASE /IMPLIB:"D:\Konference\HackerFest 2015\bin\Win32\Debug\reghider.lib" /MERGE:"_TEXT=.text;_PAGE=PAGE" /MACHINE:X86 /PROFILE /INTEGRITYCHECK /INTEGRITYCHECK /kernel /IGNORE:4198,4010,4037,4039,4065,4070,4078,4087,4089,4221 /osversion:6.3 /pdbcompress /debugtype:pdata "D:\Konference\HackerFest 2015\tmp\reghider\Win32\Debug\allocator.obj"
         "D:\Konference\HackerFest 2015\tmp\reghider\Win32\Debug\hash_table.obj"
         "D:\Konference\HackerFest 2015\tmp\reghider\Win32\Debug\key-record.obj"
         "D:\Konference\HackerFest 2015\tmp\reghider\Win32\Debug\process-db.obj"
         "D:\Konference\HackerFest 2015\tmp\reghider\Win32\Debug\reghider.obj"
         "D:\Konference\HackerFest 2015\tmp\reghider\Win32\Debug\registry-callback.obj"
         "D:\Konference\HackerFest 2015\tmp\reghider\Win32\Debug\string-hash-table.obj"
         "D:\Konference\HackerFest 2015\tmp\reghider\Win32\Debug\um-services.obj"
         "D:\Konference\HackerFest 2015\tmp\reghider\Win32\Debug\utils-dym-array.obj"
         reghider.vcxproj -> D:\Konference\HackerFest 2015\bin\Win32\Debug\reghider.sys
       DriverTestSign:
         C:\Program Files (x86)\Windows Kits\8.1\bin\x86\signtool.exe sign /ph /sha1 "A4055C364C1F9F62A5F3E39A1FA4F04335568FA1" 
         Done Adding Additional Store
         Successfully signed: D:\Konference\HackerFest 2015\bin\Win32\Debug\reghider.sys
         
     1>Done Building Project "D:\Konference\HackerFest 2015\reghider\reghider.vcxproj" (Build target(s)).

Build succeeded.

Time Elapsed 00:00:01.37
