d:\konference\hackerfest 2015\bin\win32\debug\reghider.sys
d:\konference\hackerfest 2015\tmp\reghider\win32\debug\vc120.pdb
d:\konference\hackerfest 2015\tmp\reghider\win32\debug\utils-dym-array.obj
d:\konference\hackerfest 2015\tmp\reghider\win32\debug\um-services.obj
d:\konference\hackerfest 2015\tmp\reghider\win32\debug\string-hash-table.obj
d:\konference\hackerfest 2015\tmp\reghider\win32\debug\registry-callback.obj
d:\konference\hackerfest 2015\tmp\reghider\win32\debug\reghider.obj
d:\konference\hackerfest 2015\tmp\reghider\win32\debug\process-db.obj
d:\konference\hackerfest 2015\tmp\reghider\win32\debug\key-record.obj
d:\konference\hackerfest 2015\tmp\reghider\win32\debug\hash_table.obj
d:\konference\hackerfest 2015\tmp\reghider\win32\debug\allocator.obj
d:\konference\hackerfest 2015\bin\win32\debug\reghider.pdb
d:\konference\hackerfest 2015\bin\win32\debug\reghider.cer
d:\konference\hackerfest 2015\tmp\reghider\win32\debug\signtool.command.1.tlog
d:\konference\hackerfest 2015\tmp\reghider\win32\debug\signtool.read.1.tlog
d:\konference\hackerfest 2015\tmp\reghider\win32\debug\signtool.write.1.tlog
d:\konference\hackerfest 2015\tmp\reghider\win32\debug\reghider.tlog\cl.command.1.tlog
d:\konference\hackerfest 2015\tmp\reghider\win32\debug\reghider.tlog\cl.read.1.tlog
d:\konference\hackerfest 2015\tmp\reghider\win32\debug\reghider.tlog\cl.write.1.tlog
d:\konference\hackerfest 2015\tmp\reghider\win32\debug\reghider.tlog\link.command.1.tlog
d:\konference\hackerfest 2015\tmp\reghider\win32\debug\reghider.tlog\link.read.1.tlog
d:\konference\hackerfest 2015\tmp\reghider\win32\debug\reghider.tlog\link.write.1.tlog
