d:\konference\hackerfest 2015\bin\x64\win7 debug\filehider.sys
d:\konference\hackerfest 2015\tmp\filehider\x64\win7 debug\filehider.inf
d:\konference\hackerfest 2015\tmp\filehider\x64\win7 debug\vc120.pdb
d:\konference\hackerfest 2015\tmp\filehider\x64\win7 debug\filehider.obj
d:\konference\hackerfest 2015\bin\x64\win7 debug\filehider.pdb
d:\konference\hackerfest 2015\tmp\filehider\x64\win7 debug\filehider.res
d:\konference\hackerfest 2015\bin\x64\win7 debug\filehider.cer
d:\konference\hackerfest 2015\bin\x64\win7 debug\filehider.inf
d:\konference\hackerfest 2015\tmp\filehider\x64\win7 debug\signtool.command.1.tlog
d:\konference\hackerfest 2015\tmp\filehider\x64\win7 debug\signtool.read.1.tlog
d:\konference\hackerfest 2015\tmp\filehider\x64\win7 debug\signtool.write.1.tlog
d:\konference\hackerfest 2015\tmp\filehider\x64\win7 debug\stampinf.command.1.tlog
d:\konference\hackerfest 2015\tmp\filehider\x64\win7 debug\stampinf.read.1.tlog
d:\konference\hackerfest 2015\tmp\filehider\x64\win7 debug\stampinf.write.1.tlog
d:\konference\hackerfest 2015\tmp\filehider\x64\win7 debug\filehider.tlog\cl.command.1.tlog
d:\konference\hackerfest 2015\tmp\filehider\x64\win7 debug\filehider.tlog\cl.read.1.tlog
d:\konference\hackerfest 2015\tmp\filehider\x64\win7 debug\filehider.tlog\cl.write.1.tlog
d:\konference\hackerfest 2015\tmp\filehider\x64\win7 debug\filehider.tlog\link.command.1.tlog
d:\konference\hackerfest 2015\tmp\filehider\x64\win7 debug\filehider.tlog\link.read.1.tlog
d:\konference\hackerfest 2015\tmp\filehider\x64\win7 debug\filehider.tlog\link.write.1.tlog
d:\konference\hackerfest 2015\tmp\filehider\x64\win7 debug\filehider.tlog\rc.command.1.tlog
d:\konference\hackerfest 2015\tmp\filehider\x64\win7 debug\filehider.tlog\rc.read.1.tlog
d:\konference\hackerfest 2015\tmp\filehider\x64\win7 debug\filehider.tlog\rc.write.1.tlog
