d:\konference\hackerfest 2015\bin\win32\debug\ndisprot6.sys
d:\konference\hackerfest 2015\tmp\ndisprot6\win32\debug\vc120.pdb
d:\konference\hackerfest 2015\tmp\ndisprot6\win32\debug\send.obj
d:\konference\hackerfest 2015\tmp\ndisprot6\win32\debug\recv.obj
d:\konference\hackerfest 2015\tmp\ndisprot6\win32\debug\ntdisp.obj
d:\konference\hackerfest 2015\tmp\ndisprot6\win32\debug\ndisbind.obj
d:\konference\hackerfest 2015\tmp\ndisprot6\win32\debug\excallbk.obj
d:\konference\hackerfest 2015\tmp\ndisprot6\win32\debug\debug.obj
d:\konference\hackerfest 2015\bin\win32\debug\ndisprot6.pdb
d:\konference\hackerfest 2015\tmp\ndisprot6\win32\debug\ndisprot.res
d:\konference\hackerfest 2015\bin\win32\debug\ndisprot6.cer
d:\konference\hackerfest 2015\tmp\ndisprot6\win32\debug\signtool.command.1.tlog
d:\konference\hackerfest 2015\tmp\ndisprot6\win32\debug\signtool.read.1.tlog
d:\konference\hackerfest 2015\tmp\ndisprot6\win32\debug\signtool.write.1.tlog
d:\konference\hackerfest 2015\tmp\ndisprot6\win32\debug\ndisprot6.tlog\cl.command.1.tlog
d:\konference\hackerfest 2015\tmp\ndisprot6\win32\debug\ndisprot6.tlog\cl.read.1.tlog
d:\konference\hackerfest 2015\tmp\ndisprot6\win32\debug\ndisprot6.tlog\cl.write.1.tlog
d:\konference\hackerfest 2015\tmp\ndisprot6\win32\debug\ndisprot6.tlog\link.command.1.tlog
d:\konference\hackerfest 2015\tmp\ndisprot6\win32\debug\ndisprot6.tlog\link.read.1.tlog
d:\konference\hackerfest 2015\tmp\ndisprot6\win32\debug\ndisprot6.tlog\link.write.1.tlog
d:\konference\hackerfest 2015\tmp\ndisprot6\win32\debug\ndisprot6.tlog\rc.command.1.tlog
d:\konference\hackerfest 2015\tmp\ndisprot6\win32\debug\ndisprot6.tlog\rc.read.1.tlog
d:\konference\hackerfest 2015\tmp\ndisprot6\win32\debug\ndisprot6.tlog\rc.write.1.tlog
